<?xml version="1.0" encoding="utf-8"?><testsuites name="pytest tests"><testsuite name="pytest" errors="0" failures="0" skipped="0" tests="21" time="5.864" timestamp="2026-04-20T16:21:12.538077+00:00" hostname="agent-env-32effef4-ccdb-4d26-9334-9991d6ffdb82"><testcase classname="backend.tests.test_iteration18.TestSubscriptionPlans" name="test_subscription_plans_endpoint" time="0.193" /><testcase classname="backend.tests.test_iteration18.TestSubscriptionPlans" name="test_solo_monthly_price_39" time="0.179" /><testcase classname="backend.tests.test_iteration18.TestSubscriptionPlans" name="test_solo_yearly_price_390" time="0.141" /><testcase classname="backend.tests.test_iteration18.TestSubscriptionPlans" name="test_croissance_monthly_price_189" time="0.116" /><testcase classname="backend.tests.test_iteration18.TestSubscriptionPlans" name="test_croissance_yearly_price_1890" time="0.107" /><testcase classname="backend.tests.test_iteration18.TestSubscriptionPlans" name="test_flotte_pro_monthly_price_489" time="0.137" /><testcase classname="backend.tests.test_iteration18.TestSubscriptionPlans" name="test_flotte_pro_yearly_price_4890" time="0.115" /><testcase classname="backend.tests.test_iteration18.TestAuditLogs" name="test_audit_logs_requires_admin" time="0.183" /><testcase classname="backend.tests.test_iteration18.TestAuditLogs" name="test_audit_logs_returns_array" time="0.504" /><testcase classname="backend.tests.test_iteration18.TestAuditLogs" name="test_audit_log_has_login_entry" time="0.838" /><testcase classname="backend.tests.test_iteration18.TestAuditLogs" name="test_audit_log_structure" time="0.484" /><testcase classname="backend.tests.test_iteration18.TestPWA" name="test_manifest_accessible" time="0.134" /><testcase classname="backend.tests.test_iteration18.TestPWA" name="test_manifest_has_name" time="0.155" /><testcase classname="backend.tests.test_iteration18.TestPWA" name="test_manifest_has_short_name" time="0.126" /><testcase classname="backend.tests.test_iteration18.TestPWA" name="test_manifest_has_theme_color" time="0.157" /><testcase classname="backend.tests.test_iteration18.TestPWA" name="test_service_worker_accessible" time="0.144" /><testcase classname="backend.tests.test_iteration18.TestAuthRegression" name="test_admin_login" time="0.350" /><testcase classname="backend.tests.test_iteration18.TestAuthRegression" name="test_driver_login" time="0.338" /><testcase classname="backend.tests.test_iteration18.TestAuthRegression" name="test_invalid_login" time="0.198" /><testcase classname="backend.tests.test_iteration18.TestDashboardRegression" name="test_admin_dashboard_stats" time="0.529" /><testcase classname="backend.tests.test_iteration18.TestDashboardRegression" name="test_driver_dashboard_stats" time="0.580" /></testsuite></testsuites>