<?xml version="1.0" encoding="utf-8"?><testsuites name="pytest tests"><testsuite name="pytest" errors="0" failures="0" skipped="0" tests="15" time="5.845" timestamp="2026-04-12T12:23:27.266360+00:00" hostname="agent-env-32effef4-ccdb-4d26-9334-9991d6ffdb82"><testcase classname="backend.tests.test_landing_multitenancy.TestAuthEndpoints" name="test_login_admin_success" time="0.393" /><testcase classname="backend.tests.test_landing_multitenancy.TestAuthEndpoints" name="test_login_driver_success" time="0.332" /><testcase classname="backend.tests.test_landing_multitenancy.TestAuthEndpoints" name="test_login_invalid_credentials" time="0.332" /><testcase classname="backend.tests.test_landing_multitenancy.TestDriverRegistrationBlocked" name="test_register_driver_returns_403" time="0.105" /><testcase classname="backend.tests.test_landing_multitenancy.TestDriverRegistrationBlocked" name="test_register_admin_allowed" time="0.331" /><testcase classname="backend.tests.test_landing_multitenancy.TestDriverRegistrationBlocked" name="test_register_client_allowed" time="0.347" /><testcase classname="backend.tests.test_landing_multitenancy.TestCompanyQuotaEndpoint" name="test_company_quota_returns_correct_fields" time="0.458" /><testcase classname="backend.tests.test_landing_multitenancy.TestCompanyQuotaEndpoint" name="test_company_quota_requires_admin" time="0.424" /><testcase classname="backend.tests.test_landing_multitenancy.TestAuthMeEndpoint" name="test_auth_me_returns_company_id_and_plan" time="0.457" /><testcase classname="backend.tests.test_landing_multitenancy.TestAuthMeEndpoint" name="test_auth_me_driver_has_company_id" time="0.458" /><testcase classname="backend.tests.test_landing_multitenancy.TestAdminDriverCreation" name="test_admin_can_create_driver" time="0.678" /><testcase classname="backend.tests.test_landing_multitenancy.TestAdminDriverCreation" name="test_get_admin_drivers_list" time="0.462" /><testcase classname="backend.tests.test_landing_multitenancy.TestDashboardStats" name="test_dashboard_stats_admin" time="0.471" /><testcase classname="backend.tests.test_landing_multitenancy.TestDashboardStats" name="test_dashboard_stats_driver" time="0.425" /><testcase classname="backend.tests.test_landing_multitenancy.TestSubscriptionPlans" name="test_get_subscription_plans" time="0.101" /></testsuite></testsuites>