<?xml version="1.0" encoding="utf-8"?><testsuites name="pytest tests"><testsuite name="pytest" errors="0" failures="0" skipped="0" tests="25" time="9.670" timestamp="2026-04-11T12:14:45.353844+00:00" hostname="agent-env-32effef4-ccdb-4d26-9334-9991d6ffdb82"><testcase classname="tests.test_bug_fixes.TestAuthEndpoints" name="test_admin_login_success" time="0.365" /><testcase classname="tests.test_bug_fixes.TestAuthEndpoints" name="test_driver_login_success" time="0.325" /><testcase classname="tests.test_bug_fixes.TestAuthEndpoints" name="test_auth_me_with_valid_cookie" time="0.370" /><testcase classname="tests.test_bug_fixes.TestAuthEndpoints" name="test_auth_refresh_works" time="0.387" /><testcase classname="tests.test_bug_fixes.TestDeliveryCreation" name="test_create_delivery_with_valid_data" time="0.375" /><testcase classname="tests.test_bug_fixes.TestDeliveryCreation" name="test_create_delivery_missing_field_returns_detailed_error" time="0.401" /><testcase classname="tests.test_bug_fixes.TestDeliveryCreation" name="test_create_delivery_without_auth_returns_401" time="0.426" /><testcase classname="tests.test_bug_fixes.TestSubscriptionUpdate" name="test_update_subscription_to_croissance" time="0.387" /><testcase classname="tests.test_bug_fixes.TestSubscriptionUpdate" name="test_update_subscription_to_flotte_pro" time="0.372" /><testcase classname="tests.test_bug_fixes.TestSubscriptionUpdate" name="test_update_subscription_to_solo" time="0.392" /><testcase classname="tests.test_bug_fixes.TestSubscriptionUpdate" name="test_update_subscription_invalid_plan_returns_detailed_error" time="0.365" /><testcase classname="tests.test_bug_fixes.TestSubscriptionUpdate" name="test_update_subscription_without_auth_returns_401" time="0.422" /><testcase classname="tests.test_bug_fixes.TestSubscriptionUpdate" name="test_get_current_subscription" time="0.377" /><testcase classname="tests.test_bug_fixes.TestDashboardAPIs" name="test_dashboard_stats" time="0.375" /><testcase classname="tests.test_bug_fixes.TestDashboardAPIs" name="test_dashboard_cashflow" time="0.427" /><testcase classname="tests.test_bug_fixes.TestDashboardAPIs" name="test_deliveries_list" time="0.373" /><testcase classname="tests.test_bug_fixes.TestDashboardAPIs" name="test_invoices_list" time="0.373" /><testcase classname="tests.test_bug_fixes.TestDashboardAPIs" name="test_admin_drivers_list" time="0.393" /><testcase classname="tests.test_bug_fixes.TestDashboardAPIs" name="test_damage_reports_list" time="0.377" /><testcase classname="tests.test_bug_fixes.TestDashboardAPIs" name="test_eco_scores_summary" time="0.366" /><testcase classname="tests.test_bug_fixes.TestDashboardAPIs" name="test_notifications_list" time="0.391" /><testcase classname="tests.test_bug_fixes.TestDashboardAPIs" name="test_notifications_unread_count" time="0.374" /><testcase classname="tests.test_bug_fixes.TestDriverEndpoints" name="test_driver_can_get_deliveries" time="0.397" /><testcase classname="tests.test_bug_fixes.TestDriverEndpoints" name="test_driver_can_get_eco_scores" time="0.373" /><testcase classname="tests.test_bug_fixes.TestDriverEndpoints" name="test_driver_can_get_stats" time="0.415" /></testsuite></testsuites>