<?xml version="1.0" encoding="utf-8"?><testsuites name="pytest tests"><testsuite name="pytest" errors="0" failures="0" skipped="0" tests="17" time="8.741" timestamp="2026-04-29T09:29:44.419280+00:00" hostname="agent-env-32effef4-ccdb-4d26-9334-9991d6ffdb82"><testcase classname="backend.tests.test_iteration23.TestSubscriptionPlans" name="test_subscription_plans_returns_solo_29" time="0.265" /><testcase classname="backend.tests.test_iteration23.TestSubscriptionPlans" name="test_subscription_plans_croissance_189" time="0.109" /><testcase classname="backend.tests.test_iteration23.TestSubscriptionPlans" name="test_subscription_plans_flotte_pro_489" time="0.107" /><testcase classname="backend.tests.test_iteration23.TestAdminAuth" name="test_admin_login_success" time="0.334" /><testcase classname="backend.tests.test_iteration23.TestAdminAuth" name="test_admin_dashboard_stats" time="0.389" /><testcase classname="backend.tests.test_iteration23.TestAdminAuth" name="test_admin_cash_flow" time="0.381" /><testcase classname="backend.tests.test_iteration23.TestDriverAuth" name="test_driver_login_success" time="0.326" /><testcase classname="backend.tests.test_iteration23.TestDriverAuth" name="test_driver_dashboard_stats" time="0.381" /><testcase classname="backend.tests.test_iteration23.TestDriverAuth" name="test_driver_cannot_access_cash_flow" time="0.385" /><testcase classname="backend.tests.test_iteration23.TestDataIsolation" name="test_admin_deliveries_isolated" time="0.407" /><testcase classname="backend.tests.test_iteration23.TestDataIsolation" name="test_driver_deliveries_isolated" time="0.397" /><testcase classname="backend.tests.test_iteration23.TestDataIsolation" name="test_admin_damage_reports_isolated" time="0.453" /><testcase classname="backend.tests.test_iteration23.TestDataIsolation" name="test_driver_damage_reports_isolated" time="0.457" /><testcase classname="backend.tests.test_iteration23.TestOnboardingKYB" name="test_onboarding_status_endpoint" time="0.374" /><testcase classname="backend.tests.test_iteration23.TestOnboardingKYB" name="test_onboarding_complete_endpoint_accepts_data" time="0.376" /><testcase classname="backend.tests.test_iteration23.TestChatbot" name="test_chat_endpoint_works" time="2.974" /><testcase classname="backend.tests.test_iteration23.TestCompanyQuota" name="test_company_quota_endpoint" time="0.390" /></testsuite></testsuites>