<?xml version="1.0" encoding="utf-8"?><testsuites name="pytest tests"><testsuite name="pytest" errors="0" failures="0" skipped="0" tests="22" time="13.125" timestamp="2026-04-11T13:27:04.626808+00:00" hostname="agent-env-32effef4-ccdb-4d26-9334-9991d6ffdb82"><testcase classname="backend.tests.test_dual_auth.TestDualAuthLogin" name="test_admin_login_returns_tokens_in_body" time="0.456" /><testcase classname="backend.tests.test_dual_auth.TestDualAuthLogin" name="test_driver_login_returns_tokens_in_body" time="0.348" /><testcase classname="backend.tests.test_dual_auth.TestAuthMeWithBearerToken" name="test_auth_me_with_bearer_token_no_cookies" time="0.450" /><testcase classname="backend.tests.test_dual_auth.TestAuthMeWithBearerToken" name="test_auth_me_without_token_returns_401" time="0.102" /><testcase classname="backend.tests.test_dual_auth.TestRefreshTokenInBody" name="test_refresh_accepts_token_in_body" time="0.524" /><testcase classname="backend.tests.test_dual_auth.TestRefreshTokenInBody" name="test_refresh_returns_new_access_token" time="0.518" /><testcase classname="backend.tests.test_dual_auth.TestRefreshTokenInBody" name="test_refresh_without_token_returns_401" time="0.115" /><testcase classname="backend.tests.test_dual_auth.TestProtectedEndpointsWithBearerToken" name="test_subscription_update_with_bearer_token" time="0.813" /><testcase classname="backend.tests.test_dual_auth.TestProtectedEndpointsWithBearerToken" name="test_subscription_current_with_bearer_token" time="0.781" /><testcase classname="backend.tests.test_dual_auth.TestProtectedEndpointsWithBearerToken" name="test_deliveries_create_with_bearer_token" time="0.767" /><testcase classname="backend.tests.test_dual_auth.TestProtectedEndpointsWithBearerToken" name="test_deliveries_list_with_bearer_token" time="0.831" /><testcase classname="backend.tests.test_dual_auth.TestProtectedEndpointsWithBearerToken" name="test_dashboard_stats_with_bearer_token" time="0.806" /><testcase classname="backend.tests.test_dual_auth.TestProtectedEndpointsWithBearerToken" name="test_dashboard_cashflow_with_bearer_token" time="0.767" /><testcase classname="backend.tests.test_dual_auth.TestProtectedEndpointsWithBearerToken" name="test_admin_drivers_with_bearer_token" time="0.785" /><testcase classname="backend.tests.test_dual_auth.TestProtectedEndpointsWithBearerToken" name="test_invoices_with_bearer_token" time="0.759" /><testcase classname="backend.tests.test_dual_auth.TestProtectedEndpointsWithBearerToken" name="test_notifications_with_bearer_token" time="0.764" /><testcase classname="backend.tests.test_dual_auth.TestProtectedEndpointsWithBearerToken" name="test_driver_deliveries_with_bearer_token" time="0.782" /><testcase classname="backend.tests.test_dual_auth.TestProtectedEndpointsWithBearerToken" name="test_driver_stats_with_bearer_token" time="0.768" /><testcase classname="backend.tests.test_dual_auth.TestSubscriptionPlanChanges" name="test_change_to_solo_plan" time="0.459" /><testcase classname="backend.tests.test_dual_auth.TestSubscriptionPlanChanges" name="test_change_to_croissance_plan" time="0.446" /><testcase classname="backend.tests.test_dual_auth.TestSubscriptionPlanChanges" name="test_change_to_flotte_pro_plan" time="0.450" /><testcase classname="backend.tests.test_dual_auth.TestLogoutClearsTokens" name="test_logout_returns_success" time="0.445" /></testsuite></testsuites>