<?xml version="1.0" encoding="utf-8"?><testsuites name="pytest tests"><testsuite name="pytest" errors="0" failures="0" skipped="0" tests="12" time="5.360" timestamp="2026-05-03T19:59:29.109679+00:00" hostname="agent-env-32effef4-ccdb-4d26-9334-9991d6ffdb82"><testcase classname="backend.tests.test_iteration26.TestAuthEndpoints" name="test_admin_login_success" time="0.478" /><testcase classname="backend.tests.test_iteration26.TestAuthEndpoints" name="test_driver_login_success" time="0.376" /><testcase classname="backend.tests.test_iteration26.TestAuthEndpoints" name="test_login_invalid_credentials" time="0.419" /><testcase classname="backend.tests.test_iteration26.TestSubscriptionPlans" name="test_get_subscription_plans" time="0.158" /><testcase classname="backend.tests.test_iteration26.TestDeliveryEndpoints" name="test_create_delivery_with_company_id" time="0.507" /><testcase classname="backend.tests.test_iteration26.TestDeliveryEndpoints" name="test_create_delivery_with_driver_id" time="0.636" /><testcase classname="backend.tests.test_iteration26.TestDeliveryEndpoints" name="test_get_deliveries_filtered_by_company" time="0.482" /><testcase classname="backend.tests.test_iteration26.TestDriverManagement" name="test_get_admin_drivers" time="0.499" /><testcase classname="backend.tests.test_iteration26.TestDriverManagement" name="test_get_company_quota" time="0.470" /><testcase classname="backend.tests.test_iteration26.TestDashboardEndpoints" name="test_admin_dashboard_stats" time="0.544" /><testcase classname="backend.tests.test_iteration26.TestDashboardEndpoints" name="test_driver_dashboard_stats" time="0.451" /><testcase classname="backend.tests.test_iteration26.TestStripePaymentLinks" name="test_get_payment_links" time="0.160" /></testsuite></testsuites>