<?xml version="1.0" encoding="utf-8"?><testsuites name="pytest tests"><testsuite name="pytest" errors="0" failures="0" skipped="0" tests="19" time="3.608" timestamp="2026-05-07T16:10:43.980621+00:00" hostname="agent-env-32effef4-ccdb-4d26-9334-9991d6ffdb82"><testcase classname="backend.tests.test_iteration28.TestAuth" name="test_login_returns_token_and_user" time="0.389" /><testcase classname="backend.tests.test_iteration28.TestAuth" name="test_auth_me" time="0.111" /><testcase classname="backend.tests.test_iteration28.TestAuth" name="test_auth_company_quota" time="0.075" /><testcase classname="backend.tests.test_iteration28.TestAuth" name="test_auth_refresh" time="0.090" /><testcase classname="backend.tests.test_iteration28.TestCompany" name="test_get_company" time="0.071" /><testcase classname="backend.tests.test_iteration28.TestAdminDashboard" name="test_drivers" time="0.086" /><testcase classname="backend.tests.test_iteration28.TestAdminDashboard" name="test_dashboard_stats" time="0.102" /><testcase classname="backend.tests.test_iteration28.TestAdminDashboard" name="test_audit_logs" time="0.073" /><testcase classname="backend.tests.test_iteration28.TestAdminDashboard" name="test_deliveries" time="0.070" /><testcase classname="backend.tests.test_iteration28.TestAdminDashboard" name="test_eco_scores_summary" time="0.081" /><testcase classname="backend.tests.test_iteration28.TestAdminDashboard" name="test_damage_reports" time="0.069" /><testcase classname="backend.tests.test_iteration28.TestAdminDashboard" name="test_notifications" time="0.087" /><testcase classname="backend.tests.test_iteration28.TestSiret" name="test_fake_siret" time="0.534" /><testcase classname="backend.tests.test_iteration28.TestSubscription" name="test_subscription_plans" time="0.069" /><testcase classname="backend.tests.test_iteration28.TestSubscription" name="test_stripe_payment_links" time="0.071" /><testcase classname="backend.tests.test_iteration28.TestSettings" name="test_patch_language_en_then_fr" time="0.310" /><testcase classname="backend.tests.test_iteration28.TestPassword" name="test_forgot_password_anti_enumeration" time="0.149" /><testcase classname="backend.tests.test_iteration28.TestPassword" name="test_change_password_success" time="1.031" /><testcase classname="backend.tests.test_iteration28.TestLogoutLast" name="test_logout" time="0.069" /></testsuite></testsuites>