<?xml version="1.0" encoding="utf-8"?><testsuites name="pytest tests"><testsuite name="pytest" errors="0" failures="0" skipped="0" tests="9" time="4.008" timestamp="2026-04-11T18:37:54.038581+00:00" hostname="agent-env-32effef4-ccdb-4d26-9334-9991d6ffdb82"><testcase classname="tests.test_eco_scores.TestEcoScoresProMode" name="test_eco_scores_summary_returns_driver_names" time="0.624" /><testcase classname="tests.test_eco_scores.TestEcoScoresProMode" name="test_eco_scores_daily_avg_returns_30_days" time="0.474" /><testcase classname="tests.test_eco_scores.TestEcoScoresProMode" name="test_eco_scores_recalculate_returns_drivers" time="0.508" /><testcase classname="tests.test_eco_scores.TestAuthEndpoints" name="test_admin_login_success" time="0.348" /><testcase classname="tests.test_eco_scores.TestAuthEndpoints" name="test_driver_login_success" time="0.333" /><testcase classname="tests.test_eco_scores.TestAuthEndpoints" name="test_login_invalid_credentials" time="0.132" /><testcase classname="tests.test_eco_scores.TestDashboardEndpoints" name="test_dashboard_stats" time="0.463" /><testcase classname="tests.test_eco_scores.TestDashboardEndpoints" name="test_dashboard_cashflow" time="0.459" /><testcase classname="tests.test_eco_scores.TestSubscriptionEndpoints" name="test_subscription_current" time="0.485" /></testsuite></testsuites>