<?xml version="1.0" encoding="utf-8"?><testsuites name="pytest tests"><testsuite name="pytest" errors="0" failures="0" skipped="0" tests="8" time="1.886" timestamp="2026-05-02T11:24:36.479254+00:00" hostname="agent-env-32effef4-ccdb-4d26-9334-9991d6ffdb82"><testcase classname="backend.tests.test_iteration25.TestSIRETVerification" name="test_verify_siret_valid_format" time="0.339" /><testcase classname="backend.tests.test_iteration25.TestSIRETVerification" name="test_verify_siret_invalid_length" time="0.133" /><testcase classname="backend.tests.test_iteration25.TestSIRETVerification" name="test_verify_siret_with_spaces" time="0.273" /><testcase classname="backend.tests.test_iteration25.TestSubscriptionPlans" name="test_get_subscription_plans" time="0.099" /><testcase classname="backend.tests.test_iteration25.TestAuth" name="test_login_admin_success" time="0.328" /><testcase classname="backend.tests.test_iteration25.TestAuth" name="test_login_driver_success" time="0.323" /><testcase classname="backend.tests.test_iteration25.TestAuth" name="test_login_invalid_credentials" time="0.101" /><testcase classname="backend.tests.test_iteration25.TestHealthCheck" name="test_api_health" time="0.221" /></testsuite></testsuites>