<?xml version="1.0" encoding="utf-8"?><testsuites name="pytest tests"><testsuite name="pytest" errors="0" failures="0" skipped="0" tests="13" time="4.788" timestamp="2026-04-12T12:56:20.082932+00:00" hostname="agent-env-32effef4-ccdb-4d26-9334-9991d6ffdb82"><testcase classname="backend.tests.test_landing_pricing.TestSubscriptionPlans" name="test_get_subscription_plans" time="0.154" /><testcase classname="backend.tests.test_landing_pricing.TestAuthWithTrialFields" name="test_auth_me_returns_subscription_status" time="0.383" /><testcase classname="backend.tests.test_landing_pricing.TestAuthWithTrialFields" name="test_auth_me_returns_trial_ends_at" time="0.398" /><testcase classname="backend.tests.test_landing_pricing.TestAuthWithTrialFields" name="test_auth_me_returns_company_id_and_plan" time="0.400" /><testcase classname="backend.tests.test_landing_pricing.TestAdminDashboardRegression" name="test_admin_login" time="0.419" /><testcase classname="backend.tests.test_landing_pricing.TestAdminDashboardRegression" name="test_company_quota_endpoint" time="0.380" /><testcase classname="backend.tests.test_landing_pricing.TestAdminDashboardRegression" name="test_admin_drivers_list" time="0.389" /><testcase classname="backend.tests.test_landing_pricing.TestAdminDashboardRegression" name="test_dashboard_stats" time="0.381" /><testcase classname="backend.tests.test_landing_pricing.TestDriverDashboardRegression" name="test_driver_login" time="0.399" /><testcase classname="backend.tests.test_landing_pricing.TestDriverDashboardRegression" name="test_driver_dashboard_stats" time="0.409" /><testcase classname="backend.tests.test_landing_pricing.TestDriverDashboardRegression" name="test_driver_deliveries" time="0.398" /><testcase classname="backend.tests.test_landing_pricing.TestDriverDashboardRegression" name="test_driver_eco_scores" time="0.379" /><testcase classname="backend.tests.test_landing_pricing.TestDriverRegistrationBlocked" name="test_driver_registration_returns_403" time="0.098" /></testsuite></testsuites>