<?xml version="1.0" encoding="utf-8"?><testsuites name="pytest tests"><testsuite name="pytest" errors="0" failures="0" skipped="0" tests="13" time="5.533" timestamp="2026-04-10T16:59:27.794219+00:00" hostname="agent-env-32effef4-ccdb-4d26-9334-9991d6ffdb82"><testcase classname="backend.tests.test_subscription_auth.TestAuthCookies" name="test_login_returns_secure_cookies" time="0.444" /><testcase classname="backend.tests.test_subscription_auth.TestAuthCookies" name="test_login_cookies_work_for_authenticated_requests" time="0.443" /><testcase classname="backend.tests.test_subscription_auth.TestTokenRefresh" name="test_refresh_token_success" time="0.489" /><testcase classname="backend.tests.test_subscription_auth.TestTokenRefresh" name="test_refresh_without_token_fails" time="0.120" /><testcase classname="backend.tests.test_subscription_auth.TestSubscriptionUpdate" name="test_subscription_update_with_auth_success" time="0.443" /><testcase classname="backend.tests.test_subscription_auth.TestSubscriptionUpdate" name="test_subscription_update_to_flotte_pro" time="0.451" /><testcase classname="backend.tests.test_subscription_auth.TestSubscriptionUpdate" name="test_subscription_update_to_solo" time="0.469" /><testcase classname="backend.tests.test_subscription_auth.TestSubscriptionUpdate" name="test_get_current_subscription" time="0.435" /><testcase classname="backend.tests.test_subscription_auth.TestSubscriptionUpdate" name="test_get_subscription_plans" time="0.593" /><testcase classname="backend.tests.test_subscription_auth.TestSubscriptionUpdateWithoutAuth" name="test_subscription_update_without_auth_returns_401" time="0.115" /><testcase classname="backend.tests.test_subscription_auth.TestSubscriptionUpdateWithoutAuth" name="test_get_current_subscription_without_auth_returns_401" time="0.098" /><testcase classname="backend.tests.test_subscription_auth.TestDriverCannotUpdateSubscription" name="test_driver_cannot_update_subscription" time="0.454" /><testcase classname="backend.tests.test_subscription_auth.TestFullSubscriptionFlow" name="test_full_subscription_change_flow" time="0.912" /></testsuite></testsuites>