<?xml version="1.0" encoding="utf-8"?><testsuites name="pytest tests"><testsuite name="pytest" errors="0" failures="0" skipped="0" tests="13" time="4.859" timestamp="2026-04-10T17:31:05.805996+00:00" hostname="agent-env-32effef4-ccdb-4d26-9334-9991d6ffdb82"><testcase classname="backend.tests.test_auth_persistence.TestAuthEndpoints" name="test_login_returns_valid_cookies" time="0.463" /><testcase classname="backend.tests.test_auth_persistence.TestAuthEndpoints" name="test_me_endpoint_with_valid_cookie" time="0.413" /><testcase classname="backend.tests.test_auth_persistence.TestAuthEndpoints" name="test_refresh_endpoint_returns_new_token" time="0.397" /><testcase classname="backend.tests.test_auth_persistence.TestAuthEndpoints" name="test_me_without_cookie_returns_401" time="0.156" /><testcase classname="backend.tests.test_auth_persistence.TestAuthEndpoints" name="test_refresh_without_cookie_returns_401" time="0.118" /><testcase classname="backend.tests.test_auth_persistence.TestDriverLogin" name="test_driver_login_success" time="0.333" /><testcase classname="backend.tests.test_auth_persistence.TestDriverLogin" name="test_driver_can_access_deliveries" time="0.414" /><testcase classname="backend.tests.test_auth_persistence.TestSubscriptionWithAuth" name="test_subscription_update_requires_auth" time="0.119" /><testcase classname="backend.tests.test_auth_persistence.TestSubscriptionWithAuth" name="test_subscription_update_with_auth" time="0.384" /><testcase classname="backend.tests.test_auth_persistence.TestSubscriptionWithAuth" name="test_subscription_current_with_auth" time="0.428" /><testcase classname="backend.tests.test_auth_persistence.TestDashboardEndpoints" name="test_dashboard_stats_with_auth" time="0.490" /><testcase classname="backend.tests.test_auth_persistence.TestDashboardEndpoints" name="test_dashboard_cashflow_with_auth" time="0.388" /><testcase classname="backend.tests.test_auth_persistence.TestTokenRefreshFlow" name="test_full_auth_flow" time="0.638" /></testsuite></testsuites>