<?xml version="1.0" encoding="utf-8"?><testsuites name="pytest tests"><testsuite name="pytest" errors="0" failures="0" skipped="0" tests="9" time="3.549" timestamp="2026-05-05T07:59:52.206735+00:00" hostname="agent-env-32effef4-ccdb-4d26-9334-9991d6ffdb82"><testcase classname="backend.tests.test_iteration27.TestVerifySiret" name="test_fake_siret_rejected" time="0.950" /><testcase classname="backend.tests.test_iteration27.TestVerifySiret" name="test_fake_siret_2_rejected" time="0.437" /><testcase classname="backend.tests.test_iteration27.TestVerifySiret" name="test_real_siret_accepted" time="0.445" /><testcase classname="backend.tests.test_iteration27.TestRegisterAdminSubscriptionStatus" name="test_register_returns_incomplete_status" time="0.278" /><testcase classname="backend.tests.test_iteration27.TestRegisterAdminSubscriptionStatus" name="test_auth_me_reflects_incomplete" time="0.048" /><testcase classname="backend.tests.test_iteration27.TestRegisterAdminSubscriptionStatus" name="test_onboarding_with_fake_siret_rejected" time="0.430" /><testcase classname="backend.tests.test_iteration27.TestRegisterAdminSubscriptionStatus" name="test_onboarding_with_valid_siret_accepted" time="0.438" /><testcase classname="backend.tests.test_iteration27.TestRegisterAdminSubscriptionStatus" name="test_after_onboarding_status_still_incomplete" time="0.048" /><testcase classname="backend.tests.test_iteration27.TestExistingPaidAdmin" name="test_existing_admin_can_login_and_has_active" time="0.317" /></testsuite></testsuites>