<?xml version="1.0" encoding="utf-8"?><testsuites name="pytest tests"><testsuite name="pytest" errors="0" failures="0" skipped="0" tests="20" time="6.778" timestamp="2026-04-29T13:58:56.356506+00:00" hostname="agent-env-32effef4-ccdb-4d26-9334-9991d6ffdb82"><testcase classname="backend.tests.test_iteration24.TestSubscriptionPlans" name="test_subscription_plans_endpoint" time="0.296" /><testcase classname="backend.tests.test_iteration24.TestSubscriptionPlans" name="test_solo_price_is_19" time="0.113" /><testcase classname="backend.tests.test_iteration24.TestSubscriptionPlans" name="test_solo_yearly_price" time="0.147" /><testcase classname="backend.tests.test_iteration24.TestSubscriptionPlans" name="test_croissance_price_unchanged" time="0.162" /><testcase classname="backend.tests.test_iteration24.TestSubscriptionPlans" name="test_flotte_pro_price_unchanged" time="0.132" /><testcase classname="backend.tests.test_iteration24.TestVerifySiret" name="test_valid_siret_format" time="0.457" /><testcase classname="backend.tests.test_iteration24.TestVerifySiret" name="test_invalid_siret_too_short" time="0.109" /><testcase classname="backend.tests.test_iteration24.TestVerifySiret" name="test_invalid_siret_non_numeric" time="0.137" /><testcase classname="backend.tests.test_iteration24.TestVerifySiret" name="test_siret_with_spaces" time="0.346" /><testcase classname="backend.tests.test_iteration24.TestAdminAuth" name="test_admin_login" time="0.360" /><testcase classname="backend.tests.test_iteration24.TestAdminAuth" name="test_admin_dashboard_stats" time="0.490" /><testcase classname="backend.tests.test_iteration24.TestAdminAuth" name="test_admin_cash_flow" time="0.571" /><testcase classname="backend.tests.test_iteration24.TestAdminAuth" name="test_admin_onboarding_status" time="0.444" /><testcase classname="backend.tests.test_iteration24.TestDriverAuth" name="test_driver_login" time="0.353" /><testcase classname="backend.tests.test_iteration24.TestDriverAuth" name="test_driver_dashboard_stats" time="0.498" /><testcase classname="backend.tests.test_iteration24.TestDriverAuth" name="test_driver_cannot_access_cash_flow" time="0.572" /><testcase classname="backend.tests.test_iteration24.TestDriverAuth" name="test_driver_deliveries" time="0.589" /><testcase classname="backend.tests.test_iteration24.TestRegisterEndpoint" name="test_register_admin_creates_account" time="0.338" /><testcase classname="backend.tests.test_iteration24.TestRegisterEndpoint" name="test_register_client_creates_account" time="0.347" /><testcase classname="backend.tests.test_iteration24.TestRegisterEndpoint" name="test_register_driver_blocked" time="0.120" /></testsuite></testsuites>