<?xml version="1.0" encoding="utf-8"?><testsuites name="pytest tests"><testsuite name="pytest" errors="0" failures="0" skipped="0" tests="8" time="11.619" timestamp="2026-04-10T09:58:05.256371+00:00" hostname="agent-env-32effef4-ccdb-4d26-9334-9991d6ffdb82"><testcase classname="backend.tests.test_damage_reports.TestDamageReportsAPI" name="test_driver_login_success" time="0.626" /><testcase classname="backend.tests.test_damage_reports.TestDamageReportsAPI" name="test_get_damage_reports_empty_or_list" time="0.497" /><testcase classname="backend.tests.test_damage_reports.TestDamageReportsAPI" name="test_create_damage_report_with_ai_analysis" time="7.946" /><testcase classname="backend.tests.test_damage_reports.TestDamageReportsAPI" name="test_get_damage_report_photo" time="0.587" /><testcase classname="backend.tests.test_damage_reports.TestAdminDamageReportsView" name="test_admin_can_view_all_damage_reports" time="0.452" /><testcase classname="backend.tests.test_damage_reports.TestAdminDamageReportsView" name="test_admin_dashboard_stats_include_litiges" time="0.427" /><testcase classname="backend.tests.test_damage_reports.TestDeliveriesForDamageReports" name="test_driver_has_deliveries_assigned" time="0.384" /><testcase classname="backend.tests.test_damage_reports.TestDeliveriesForDamageReports" name="test_admin_can_create_and_assign_delivery" time="0.482" /></testsuite></testsuites>