<?xml version="1.0" encoding="utf-8"?><testsuites name="pytest tests"><testsuite name="pytest" errors="0" failures="0" skipped="0" tests="12" time="3.150" timestamp="2026-04-21T16:50:14.943628+00:00" hostname="agent-env-32effef4-ccdb-4d26-9334-9991d6ffdb82"><testcase classname="backend.tests.test_stripe_integration.TestStripePaymentLinks" name="test_get_payment_links_returns_all_plans" time="0.135" /><testcase classname="backend.tests.test_stripe_integration.TestStripePaymentLinks" name="test_payment_links_structure" time="0.120" /><testcase classname="backend.tests.test_stripe_integration.TestStripeWebhook" name="test_webhook_accepts_events" time="0.115" /><testcase classname="backend.tests.test_stripe_integration.TestStripeWebhook" name="test_webhook_checkout_session_completed_solo_monthly" time="0.244" /><testcase classname="backend.tests.test_stripe_integration.TestStripeWebhook" name="test_webhook_checkout_session_completed_croissance_monthly" time="0.245" /><testcase classname="backend.tests.test_stripe_integration.TestStripeWebhook" name="test_webhook_checkout_session_completed_flotte_pro_monthly" time="0.255" /><testcase classname="backend.tests.test_stripe_integration.TestStripeWebhook" name="test_webhook_ignores_other_events" time="0.124" /><testcase classname="backend.tests.test_stripe_integration.TestStripeCreateCheckout" name="test_create_checkout_requires_auth" time="0.109" /><testcase classname="backend.tests.test_stripe_integration.TestStripeCreateCheckout" name="test_create_checkout_returns_url" time="0.502" /><testcase classname="backend.tests.test_stripe_integration.TestStripeCreateCheckout" name="test_create_checkout_invalid_plan" time="0.538" /><testcase classname="backend.tests.test_stripe_integration.TestAuthRegression" name="test_admin_login" time="0.353" /><testcase classname="backend.tests.test_stripe_integration.TestAuthRegression" name="test_driver_login" time="0.345" /></testsuite></testsuites>